<?xml version="1.0" encoding="UTF-8"?>
<testng-results ignored="0" total="1" passed="1" failed="0" skipped="0">
  <reporter-output>
  </reporter-output>
  <suite started-at="2024-08-11T23:47:02 IST" name="Default suite" finished-at="2024-08-11T23:47:09 IST" duration-ms="7168">
    <groups>
    </groups>
    <test started-at="2024-08-11T23:47:02 IST" name="Default test" finished-at="2024-08-11T23:47:09 IST" duration-ms="7168">
      <class name="IrfanChoudhury1.FrameWorkPractice.ErrorValidation">
        <test-method is-config="true" signature="launchApplication()[pri:0, instance:IrfanChoudhury1.FrameWorkPractice.ErrorValidation@3c77d488]" started-at="2024-08-11T23:47:02 IST" name="launchApplication" finished-at="2024-08-11T23:47:06 IST" duration-ms="4426" status="PASS">
          <reporter-output>
          </reporter-output>
        </test-method> <!-- launchApplication -->
        <test-method signature="submitOrder()[pri:0, instance:IrfanChoudhury1.FrameWorkPractice.ErrorValidation@3c77d488]" started-at="2024-08-11T23:47:06 IST" name="submitOrder" finished-at="2024-08-11T23:47:07 IST" duration-ms="1035" status="PASS">
          <reporter-output>
          </reporter-output>
        </test-method> <!-- submitOrder -->
        <test-method is-config="true" signature="closeDriver()[pri:0, instance:IrfanChoudhury1.FrameWorkPractice.ErrorValidation@3c77d488]" started-at="2024-08-11T23:47:07 IST" name="closeDriver" finished-at="2024-08-11T23:47:09 IST" duration-ms="1653" status="PASS">
          <reporter-output>
          </reporter-output>
        </test-method> <!-- closeDriver -->
      </class> <!-- IrfanChoudhury1.FrameWorkPractice.ErrorValidation -->
    </test> <!-- Default test -->
  </suite> <!-- Default suite -->
</testng-results>
